
Found perl:
   /usr/bin/perl
   This is perl 5, version 16, subversion 3 (v5.16.3) built for x86_64-linux-thread-multi

Found java:
   /sw/comp/java/x86_64/sun_jdk1.8.0_151/bin/java
   java version "1.8.0_151"

Found canu:
   /sw/bioinfo/canu/2.2/rackham/bin/canu
   canu snapshot v2.2 +0 changes (r10279 af9c6e709ff2d6473cf966702c420b9eb42d9078)


Creating library 'm131023_233432_42174_c100519312550000001823081209281335_s1_X0.1.subreads' for PacBio raw reads.

               reads               bases
---------- --------- ------ ------------ ------
Loaded         10459  85.0%     55947718  98.5%  /crex/proj/genomeanalysis2022/Genome_Analysis/1_Zhang_2017/genomics_data/PacBio/m131023_233432_42174_c100519312550000001823081209281335_s1_X0.1.subreads.fastq.gz
Short           1847  15.0%       829170   1.5%


Creating library 'm131023_233432_42174_c100519312550000001823081209281335_s1_X0.2.subreads' for PacBio raw reads.

               reads               bases
---------- --------- ------ ------------ ------
Loaded         12488  84.2%     64355812  98.4%  /crex/proj/genomeanalysis2022/Genome_Analysis/1_Zhang_2017/genomics_data/PacBio/m131023_233432_42174_c100519312550000001823081209281335_s1_X0.2.subreads.fastq.gz
Short           2335  15.8%      1068899   1.6%


Creating library 'm131023_233432_42174_c100519312550000001823081209281335_s1_X0.3.subreads' for PacBio raw reads.

               reads               bases
---------- --------- ------ ------------ ------
Loaded         13042  85.0%     68045441  98.5%  /crex/proj/genomeanalysis2022/Genome_Analysis/1_Zhang_2017/genomics_data/PacBio/m131023_233432_42174_c100519312550000001823081209281335_s1_X0.3.subreads.fastq.gz
Short           2294  15.0%      1064259   1.5%


Creating library 'm131024_200535_42174_c100563672550000001823084212221342_s1_p0.1.subreads' for PacBio raw reads.

               reads               bases
---------- --------- ------ ------------ ------
Loaded         21304  86.5%    111733437  98.5%  /crex/proj/genomeanalysis2022/Genome_Analysis/1_Zhang_2017/genomics_data/PacBio/m131024_200535_42174_c100563672550000001823084212221342_s1_p0.1.subreads.fastq.gz
Short           3326  13.5%      1734370   1.5%


Creating library 'm131024_200535_42174_c100563672550000001823084212221342_s1_p0.2.subreads' for PacBio raw reads.

               reads               bases
---------- --------- ------ ------------ ------
Loaded         23184  87.7%    124309100  98.6%  /crex/proj/genomeanalysis2022/Genome_Analysis/1_Zhang_2017/genomics_data/PacBio/m131024_200535_42174_c100563672550000001823084212221342_s1_p0.2.subreads.fastq.gz
Short           3256  12.3%      1738512   1.4%


Creating library 'm131024_200535_42174_c100563672550000001823084212221342_s1_p0.3.subreads' for PacBio raw reads.

               reads               bases
---------- --------- ------ ------------ ------
Loaded         20359  87.5%    109421815  98.6%  /crex/proj/genomeanalysis2022/Genome_Analysis/1_Zhang_2017/genomics_data/PacBio/m131024_200535_42174_c100563672550000001823084212221342_s1_p0.3.subreads.fastq.gz
Short           2912  12.5%      1506664   1.4%


All reads processed.

               reads               bases
---------- --------- ------ ------------ ------
Loaded        100836  86.3%    533813323  98.5%
Short          15970  13.7%      7941874   1.5%


Bye.
